# JRE version: Java(TM) SE Runtime Environment (8.0_152-b16) (build 1.8.0_152-b16)
# Java VM: Java HotSpot(TM) 64-Bit Server VM (25.152-b16 mixed mode windows-amd64 compressed oops)
Heap:
 PSYoungGen      total 6656K, used 259K [0x000000076b300000, 0x000000076c500000, 0x00000007c0000000)
  eden space 6144K, 4% used [0x000000076b300000,0x000000076b340ec0,0x000000076b900000)
  from space 512K, 0% used [0x000000076b900000,0x000000076b900000,0x000000076b980000)
  to   space 3072K, 0% used [0x000000076c200000,0x000000076c200000,0x000000076c500000)
 ParOldGen       total 10240K, used 4562K [0x00000006c1800000, 0x00000006c2200000, 0x000000076b300000)
  object space 10240K, 44% used [0x00000006c1800000,0x00000006c1c74ad0,0x00000006c2200000)
 Metaspace       used 7336K, capacity 8180K, committed 8448K, reserved 1056768K
  class space    used 897K, capacity 944K, committed 1024K, reserved 1048576K
GC Heap History (10 events):
Event: 0.164 GC heap before
{Heap before GC invocations=2 (full 0):
 PSYoungGen      total 2048K, used 2032K [0x000000076b300000, 0x000000076b700000, 0x00000007c0000000)
  eden space 1536K, 100% used [0x000000076b300000,0x000000076b480000,0x000000076b480000)
  from space 512K, 96% used [0x000000076b480000,0x000000076b4fc010,0x000000076b500000)
  to   space 512K, 0% used [0x000000076b680000,0x000000076b680000,0x000000076b700000)
 ParOldGen       total 5632K, used 48K [0x00000006c1800000, 0x00000006c1d80000, 0x000000076b300000)
  object space 5632K, 0% used [0x00000006c1800000,0x00000006c180c000,0x00000006c1d80000)
 Metaspace       used 4052K, capacity 5324K, committed 5504K, reserved 1056768K
  class space    used 478K, capacity 520K, committed 640K, reserved 1048576K
Event: 0.166 GC heap after
Heap after GC invocations=2 (full 0):
 PSYoungGen      total 3584K, used 512K [0x000000076b300000, 0x000000076b700000, 0x00000007c0000000)
  eden space 3072K, 0% used [0x000000076b300000,0x000000076b300000,0x000000076b600000)
  from space 512K, 100% used [0x000000076b680000,0x000000076b700000,0x000000076b700000)
  to   space 512K, 0% used [0x000000076b600000,0x000000076b600000,0x000000076b680000)
 ParOldGen       total 5632K, used 104K [0x00000006c1800000, 0x00000006c1d80000, 0x000000076b300000)
  object space 5632K, 1% used [0x00000006c1800000,0x00000006c181a020,0x00000006c1d80000)
 Metaspace       used 4052K, capacity 5324K, committed 5504K, reserved 1056768K
  class space    used 478K, capacity 520K, committed 640K, reserved 1048576K
}
Event: 0.231 GC heap before
{Heap before GC invocations=3 (full 0):
 PSYoungGen      total 3584K, used 3584K [0x000000076b300000, 0x000000076b700000, 0x00000007c0000000)
  eden space 3072K, 100% used [0x000000076b300000,0x000000076b600000,0x000000076b600000)
  from space 512K, 100% used [0x000000076b680000,0x000000076b700000,0x000000076b700000)
  to   space 512K, 0% used [0x000000076b600000,0x000000076b600000,0x000000076b680000)
 ParOldGen       total 5632K, used 104K [0x00000006c1800000, 0x00000006c1d80000, 0x000000076b300000)
  object space 5632K, 1% used [0x00000006c1800000,0x00000006c181a020,0x00000006c1d80000)
 Metaspace       used 5064K, capacity 6220K, committed 6400K, reserved 1056768K
  class space    used 621K, capacity 648K, committed 768K, reserved 1048576K
Event: 0.233 GC heap after
Heap after GC invocations=3 (full 0):
 PSYoungGen      total 3584K, used 480K [0x000000076b300000, 0x000000076ba00000, 0x00000007c0000000)
  eden space 3072K, 0% used [0x000000076b300000,0x000000076b300000,0x000000076b600000)
  from space 512K, 93% used [0x000000076b600000,0x000000076b678020,0x000000076b680000)
  to   space 512K, 0% used [0x000000076b980000,0x000000076b980000,0x000000076ba00000)
 ParOldGen       total 5632K, used 592K [0x00000006c1800000, 0x00000006c1d80000, 0x000000076b300000)
  object space 5632K, 10% used [0x00000006c1800000,0x00000006c1894070,0x00000006c1d80000)
 Metaspace       used 5064K, capacity 6220K, committed 6400K, reserved 1056768K
  class space    used 621K, capacity 648K, committed 768K, reserved 1048576K
}
Event: 0.313 GC heap before
{Heap before GC invocations=4 (full 0):
 PSYoungGen      total 3584K, used 3496K [0x000000076b300000, 0x000000076ba00000, 0x00000007c0000000)
  eden space 3072K, 98% used [0x000000076b300000,0x000000076b5f22e0,0x000000076b600000)
  from space 512K, 93% used [0x000000076b600000,0x000000076b678020,0x000000076b680000)
  to   space 512K, 0% used [0x000000076b980000,0x000000076b980000,0x000000076ba00000)
 ParOldGen       total 5632K, used 592K [0x00000006c1800000, 0x00000006c1d80000, 0x000000076b300000)
  object space 5632K, 10% used [0x00000006c1800000,0x00000006c1894070,0x00000006c1d80000)
 Metaspace       used 6076K, capacity 7180K, committed 7552K, reserved 1056768K
  class space    used 765K, capacity 776K, committed 896K, reserved 1048576K
Event: 0.314 GC heap after
Heap after GC invocations=4 (full 0):
 PSYoungGen      total 6656K, used 480K [0x000000076b300000, 0x000000076ba00000, 0x00000007c0000000)
  eden space 6144K, 0% used [0x000000076b300000,0x000000076b300000,0x000000076b900000)
  from space 512K, 93% used [0x000000076b980000,0x000000076b9f8020,0x000000076ba00000)
  to   space 512K, 0% used [0x000000076b900000,0x000000076b900000,0x000000076b980000)
 ParOldGen       total 5632K, used 808K [0x00000006c1800000, 0x00000006c1d80000, 0x000000076b300000)
  object space 5632K, 14% used [0x00000006c1800000,0x00000006c18ca070,0x00000006c1d80000)
 Metaspace       used 6076K, capacity 7180K, committed 7552K, reserved 1056768K
  class space    used 765K, capacity 776K, committed 896K, reserved 1048576K
}
Event: 0.430 GC heap before
{Heap before GC invocations=5 (full 0):
 PSYoungGen      total 6656K, used 6624K [0x000000076b300000, 0x000000076ba00000, 0x00000007c0000000)
  eden space 6144K, 100% used [0x000000076b300000,0x000000076b900000,0x000000076b900000)
  from space 512K, 93% used [0x000000076b980000,0x000000076b9f8020,0x000000076ba00000)
  to   space 512K, 0% used [0x000000076b900000,0x000000076b900000,0x000000076b980000)
 ParOldGen       total 5632K, used 808K [0x00000006c1800000, 0x00000006c1d80000, 0x000000076b300000)
  object space 5632K, 14% used [0x00000006c1800000,0x00000006c18ca070,0x00000006c1d80000)
 Metaspace       used 7319K, capacity 8180K, committed 8448K, reserved 1056768K
  class space    used 897K, capacity 944K, committed 1024K, reserved 1048576K
Event: 0.434 GC heap after
Heap after GC invocations=5 (full 0):
 PSYoungGen      total 6656K, used 480K [0x000000076b300000, 0x000000076c500000, 0x00000007c0000000)
  eden space 6144K, 0% used [0x000000076b300000,0x000000076b300000,0x000000076b900000)
  from space 512K, 93% used [0x000000076b900000,0x000000076b978020,0x000000076b980000)
  to   space 3072K, 0% used [0x000000076c200000,0x000000076c200000,0x000000076c500000)
 ParOldGen       total 5632K, used 4216K [0x00000006c1800000, 0x00000006c1d80000, 0x000000076b300000)
  object space 5632K, 74% used [0x00000006c1800000,0x00000006c1c1e038,0x00000006c1d80000)
 Metaspace       used 7319K, capacity 8180K, committed 8448K, reserved 1056768K
  class space    used 897K, capacity 944K, committed 1024K, reserved 1048576K
}
Event: 0.434 GC heap before
{Heap before GC invocations=6 (full 1):
 PSYoungGen      total 6656K, used 480K [0x000000076b300000, 0x000000076c500000, 0x00000007c0000000)
  eden space 6144K, 0% used [0x000000076b300000,0x000000076b300000,0x000000076b900000)
  from space 512K, 93% used [0x000000076b900000,0x000000076b978020,0x000000076b980000)
  to   space 3072K, 0% used [0x000000076c200000,0x000000076c200000,0x000000076c500000)
 ParOldGen       total 5632K, used 4216K [0x00000006c1800000, 0x00000006c1d80000, 0x000000076b300000)
  object space 5632K, 74% used [0x00000006c1800000,0x00000006c1c1e038,0x00000006c1d80000)
 Metaspace       used 7319K, capacity 8180K, committed 8448K, reserved 1056768K
  class space    used 897K, capacity 944K, committed 1024K, reserved 1048576K
Event: 0.467 GC heap after
Heap after GC invocations=6 (full 1):
 PSYoungGen      total 6656K, used 0K [0x000000076b300000, 0x000000076c500000, 0x00000007c0000000)
  eden space 6144K, 0% used [0x000000076b300000,0x000000076b300000,0x000000076b900000)
  from space 512K, 0% used [0x000000076b900000,0x000000076b900000,0x000000076b980000)
  to   space 3072K, 0% used [0x000000076c200000,0x000000076c200000,0x000000076c500000)
 ParOldGen       total 10240K, used 4562K [0x00000006c1800000, 0x00000006c2200000, 0x000000076b300000)
  object space 10240K, 44% used [0x00000006c1800000,0x00000006c1c74ad0,0x00000006c2200000)
 Metaspace       used 7319K, capacity 8180K, committed 8448K, reserved 1056768K
  class space    used 897K, capacity 944K, committed 1024K, reserved 1048576K
}

